# JRE version: Java(TM) SE Runtime Environment (8.0_121-b13) (build 1.8.0_121-b13)
# Java VM: Java HotSpot(TM) 64-Bit Server VM (25.121-b13 mixed mode windows-amd64 compressed oops)
Heap:
 PSYoungGen      total 18944K, used 1149K [0x00000000ead00000, 0x00000000ed200000, 0x0000000100000000)
  eden space 16384K, 7% used [0x00000000ead00000,0x00000000eae1f518,0x00000000ebd00000)
  from space 2560K, 0% used [0x00000000ebd00000,0x00000000ebd00000,0x00000000ebf80000)
  to   space 10752K, 0% used [0x00000000ec780000,0x00000000ec780000,0x00000000ed200000)
 ParOldGen       total 50176K, used 16497K [0x00000000c0600000, 0x00000000c3700000, 0x00000000ead00000)
  object space 50176K, 32% used [0x00000000c0600000,0x00000000c161c7b0,0x00000000c3700000)
 Metaspace       used 20018K, capacity 21216K, committed 21504K, reserved 1067008K
  class space    used 3001K, capacity 3258K, committed 3328K, reserved 1048576K
GC Heap History (10 events):
Event: 2.661 GC heap before
{Heap before GC invocations=2 (full 0):
 PSYoungGen      total 18944K, used 18912K [0x00000000ead00000, 0x00000000ec200000, 0x0000000100000000)
  eden space 16384K, 100% used [0x00000000ead00000,0x00000000ebd00000,0x00000000ebd00000)
  from space 2560K, 98% used [0x00000000ebd00000,0x00000000ebf78050,0x00000000ebf80000)
  to   space 2560K, 0% used [0x00000000ebf80000,0x00000000ebf80000,0x00000000ec200000)
 ParOldGen       total 44032K, used 409K [0x00000000c0600000, 0x00000000c3100000, 0x00000000ead00000)
  object space 44032K, 0% used [0x00000000c0600000,0x00000000c0666548,0x00000000c3100000)
 Metaspace       used 12567K, capacity 13122K, committed 13312K, reserved 1060864K
  class space    used 1776K, capacity 1939K, committed 2048K, reserved 1048576K
Event: 2.665 GC heap after
Heap after GC invocations=2 (full 0):
 PSYoungGen      total 18944K, used 2544K [0x00000000ead00000, 0x00000000ec200000, 0x0000000100000000)
  eden space 16384K, 0% used [0x00000000ead00000,0x00000000ead00000,0x00000000ebd00000)
  from space 2560K, 99% used [0x00000000ebf80000,0x00000000ec1fc050,0x00000000ec200000)
  to   space 2560K, 0% used [0x00000000ebd00000,0x00000000ebd00000,0x00000000ebf80000)
 ParOldGen       total 44032K, used 1955K [0x00000000c0600000, 0x00000000c3100000, 0x00000000ead00000)
  object space 44032K, 4% used [0x00000000c0600000,0x00000000c07e8d58,0x00000000c3100000)
 Metaspace       used 12567K, capacity 13122K, committed 13312K, reserved 1060864K
  class space    used 1776K, capacity 1939K, committed 2048K, reserved 1048576K
}
Event: 3.794 GC heap before
{Heap before GC invocations=3 (full 0):
 PSYoungGen      total 18944K, used 18928K [0x00000000ead00000, 0x00000000ec200000, 0x0000000100000000)
  eden space 16384K, 100% used [0x00000000ead00000,0x00000000ebd00000,0x00000000ebd00000)
  from space 2560K, 99% used [0x00000000ebf80000,0x00000000ec1fc050,0x00000000ec200000)
  to   space 2560K, 0% used [0x00000000ebd00000,0x00000000ebd00000,0x00000000ebf80000)
 ParOldGen       total 44032K, used 1955K [0x00000000c0600000, 0x00000000c3100000, 0x00000000ead00000)
  object space 44032K, 4% used [0x00000000c0600000,0x00000000c07e8d58,0x00000000c3100000)
 Metaspace       used 17168K, capacity 18174K, committed 18304K, reserved 1064960K
  class space    used 2640K, capacity 2889K, committed 2944K, reserved 1048576K
Event: 3.800 GC heap after
Heap after GC invocations=3 (full 0):
 PSYoungGen      total 18944K, used 2528K [0x00000000ead00000, 0x00000000ec200000, 0x0000000100000000)
  eden space 16384K, 0% used [0x00000000ead00000,0x00000000ead00000,0x00000000ebd00000)
  from space 2560K, 98% used [0x00000000ebd00000,0x00000000ebf78030,0x00000000ebf80000)
  to   space 2560K, 0% used [0x00000000ebf80000,0x00000000ebf80000,0x00000000ec200000)
 ParOldGen       total 44032K, used 7218K [0x00000000c0600000, 0x00000000c3100000, 0x00000000ead00000)
  object space 44032K, 16% used [0x00000000c0600000,0x00000000c0d0ca00,0x00000000c3100000)
 Metaspace       used 17168K, capacity 18174K, committed 18304K, reserved 1064960K
  class space    used 2640K, capacity 2889K, committed 2944K, reserved 1048576K
}
Event: 4.328 GC heap before
{Heap before GC invocations=4 (full 0):
 PSYoungGen      total 18944K, used 18912K [0x00000000ead00000, 0x00000000ec200000, 0x0000000100000000)
  eden space 16384K, 100% used [0x00000000ead00000,0x00000000ebd00000,0x00000000ebd00000)
  from space 2560K, 98% used [0x00000000ebd00000,0x00000000ebf78030,0x00000000ebf80000)
  to   space 2560K, 0% used [0x00000000ebf80000,0x00000000ebf80000,0x00000000ec200000)
 ParOldGen       total 44032K, used 7218K [0x00000000c0600000, 0x00000000c3100000, 0x00000000ead00000)
  object space 44032K, 16% used [0x00000000c0600000,0x00000000c0d0ca00,0x00000000c3100000)
 Metaspace       used 18911K, capacity 19944K, committed 20096K, reserved 1067008K
  class space    used 2899K, capacity 3130K, committed 3200K, reserved 1048576K
Event: 4.340 GC heap after
Heap after GC invocations=4 (full 0):
 PSYoungGen      total 18944K, used 2528K [0x00000000ead00000, 0x00000000ec200000, 0x0000000100000000)
  eden space 16384K, 0% used [0x00000000ead00000,0x00000000ead00000,0x00000000ebd00000)
  from space 2560K, 98% used [0x00000000ebf80000,0x00000000ec1f8010,0x00000000ec200000)
  to   space 2560K, 0% used [0x00000000ebd00000,0x00000000ebd00000,0x00000000ebf80000)
 ParOldGen       total 44032K, used 14130K [0x00000000c0600000, 0x00000000c3100000, 0x00000000ead00000)
  object space 44032K, 32% used [0x00000000c0600000,0x00000000c13cc998,0x00000000c3100000)
 Metaspace       used 18911K, capacity 19944K, committed 20096K, reserved 1067008K
  class space    used 2899K, capacity 3130K, committed 3200K, reserved 1048576K
}
Event: 24.331 GC heap before
{Heap before GC invocations=5 (full 0):
 PSYoungGen      total 18944K, used 12310K [0x00000000ead00000, 0x00000000ec200000, 0x0000000100000000)
  eden space 16384K, 59% used [0x00000000ead00000,0x00000000eb68d940,0x00000000ebd00000)
  from space 2560K, 98% used [0x00000000ebf80000,0x00000000ec1f8010,0x00000000ec200000)
  to   space 2560K, 0% used [0x00000000ebd00000,0x00000000ebd00000,0x00000000ebf80000)
 ParOldGen       total 44032K, used 14130K [0x00000000c0600000, 0x00000000c3100000, 0x00000000ead00000)
  object space 44032K, 32% used [0x00000000c0600000,0x00000000c13cc998,0x00000000c3100000)
 Metaspace       used 19975K, capacity 21110K, committed 21248K, reserved 1067008K
  class space    used 2994K, capacity 3249K, committed 3328K, reserved 1048576K
Event: 24.339 GC heap after
Heap after GC invocations=5 (full 0):
 PSYoungGen      total 18944K, used 2544K [0x00000000ead00000, 0x00000000ed200000, 0x0000000100000000)
  eden space 16384K, 0% used [0x00000000ead00000,0x00000000ead00000,0x00000000ebd00000)
  from space 2560K, 99% used [0x00000000ebd00000,0x00000000ebf7c020,0x00000000ebf80000)
  to   space 10752K, 0% used [0x00000000ec780000,0x00000000ec780000,0x00000000ed200000)
 ParOldGen       total 44032K, used 15606K [0x00000000c0600000, 0x00000000c3100000, 0x00000000ead00000)
  object space 44032K, 35% used [0x00000000c0600000,0x00000000c153d9d0,0x00000000c3100000)
 Metaspace       used 19975K, capacity 21110K, committed 21248K, reserved 1067008K
  class space    used 2994K, capacity 3249K, committed 3328K, reserved 1048576K
}
Event: 24.339 GC heap before
{Heap before GC invocations=6 (full 1):
 PSYoungGen      total 18944K, used 2544K [0x00000000ead00000, 0x00000000ed200000, 0x0000000100000000)
  eden space 16384K, 0% used [0x00000000ead00000,0x00000000ead00000,0x00000000ebd00000)
  from space 2560K, 99% used [0x00000000ebd00000,0x00000000ebf7c020,0x00000000ebf80000)
  to   space 10752K, 0% used [0x00000000ec780000,0x00000000ec780000,0x00000000ed200000)
 ParOldGen       total 44032K, used 15606K [0x00000000c0600000, 0x00000000c3100000, 0x00000000ead00000)
  object space 44032K, 35% used [0x00000000c0600000,0x00000000c153d9d0,0x00000000c3100000)
 Metaspace       used 19975K, capacity 21110K, committed 21248K, reserved 1067008K
  class space    used 2994K, capacity 3249K, committed 3328K, reserved 1048576K
Event: 24.491 GC heap after
Heap after GC invocations=6 (full 1):
 PSYoungGen      total 18944K, used 0K [0x00000000ead00000, 0x00000000ed200000, 0x0000000100000000)
  eden space 16384K, 0% used [0x00000000ead00000,0x00000000ead00000,0x00000000ebd00000)
  from space 2560K, 0% used [0x00000000ebd00000,0x00000000ebd00000,0x00000000ebf80000)
  to   space 10752K, 0% used [0x00000000ec780000,0x00000000ec780000,0x00000000ed200000)
 ParOldGen       total 50176K, used 16497K [0x00000000c0600000, 0x00000000c3700000, 0x00000000ead00000)
  object space 50176K, 32% used [0x00000000c0600000,0x00000000c161c7b0,0x00000000c3700000)
 Metaspace       used 19975K, capacity 21110K, committed 21248K, reserved 1067008K
  class space    used 2994K, capacity 3249K, committed 3328K, reserved 1048576K
}

