# JRE version: Java(TM) SE Runtime Environment (8.0_121-b13) (build 1.8.0_121-b13)
# Java VM: Java HotSpot(TM) 64-Bit Server VM (25.121-b13 mixed mode windows-amd64 compressed oops)
Heap:
 PSYoungGen      total 27136K, used 7529K [0x00000000ead00000, 0x00000000eda00000, 0x0000000100000000)
  eden space 16384K, 33% used [0x00000000ead00000,0x00000000eb24a6a0,0x00000000ebd00000)
  from space 10752K, 19% used [0x00000000ec780000,0x00000000ec990000,0x00000000ed200000)
  to   space 10752K, 0% used [0x00000000ebd00000,0x00000000ebd00000,0x00000000ec780000)
 ParOldGen       total 49152K, used 16439K [0x00000000c0600000, 0x00000000c3600000, 0x00000000ead00000)
  object space 49152K, 33% used [0x00000000c0600000,0x00000000c160df78,0x00000000c3600000)
 Metaspace       used 20765K, capacity 21904K, committed 22016K, reserved 1069056K
  class space    used 3019K, capacity 3282K, committed 3328K, reserved 1048576K
GC Heap History (10 events):
Event: 1.454 GC heap before
{Heap before GC invocations=3 (full 0):
 PSYoungGen      total 18944K, used 18912K [0x00000000ead00000, 0x00000000ec200000, 0x0000000100000000)
  eden space 16384K, 100% used [0x00000000ead00000,0x00000000ebd00000,0x00000000ebd00000)
  from space 2560K, 98% used [0x00000000ebf80000,0x00000000ec1f8010,0x00000000ec200000)
  to   space 2560K, 0% used [0x00000000ebd00000,0x00000000ebd00000,0x00000000ebf80000)
 ParOldGen       total 44032K, used 2068K [0x00000000c0600000, 0x00000000c3100000, 0x00000000ead00000)
  object space 44032K, 4% used [0x00000000c0600000,0x00000000c08052f8,0x00000000c3100000)
 Metaspace       used 17173K, capacity 18182K, committed 18304K, reserved 1064960K
  class space    used 2643K, capacity 2889K, committed 2944K, reserved 1048576K
Event: 1.461 GC heap after
Heap after GC invocations=3 (full 0):
 PSYoungGen      total 18944K, used 2560K [0x00000000ead00000, 0x00000000ec200000, 0x0000000100000000)
  eden space 16384K, 0% used [0x00000000ead00000,0x00000000ead00000,0x00000000ebd00000)
  from space 2560K, 100% used [0x00000000ebd00000,0x00000000ebf80000,0x00000000ebf80000)
  to   space 2560K, 0% used [0x00000000ebf80000,0x00000000ebf80000,0x00000000ec200000)
 ParOldGen       total 44032K, used 7283K [0x00000000c0600000, 0x00000000c3100000, 0x00000000ead00000)
  object space 44032K, 16% used [0x00000000c0600000,0x00000000c0d1cdf8,0x00000000c3100000)
 Metaspace       used 17173K, capacity 18182K, committed 18304K, reserved 1064960K
  class space    used 2643K, capacity 2889K, committed 2944K, reserved 1048576K
}
Event: 1.788 GC heap before
{Heap before GC invocations=4 (full 0):
 PSYoungGen      total 18944K, used 18944K [0x00000000ead00000, 0x00000000ec200000, 0x0000000100000000)
  eden space 16384K, 100% used [0x00000000ead00000,0x00000000ebd00000,0x00000000ebd00000)
  from space 2560K, 100% used [0x00000000ebd00000,0x00000000ebf80000,0x00000000ebf80000)
  to   space 2560K, 0% used [0x00000000ebf80000,0x00000000ebf80000,0x00000000ec200000)
 ParOldGen       total 44032K, used 7283K [0x00000000c0600000, 0x00000000c3100000, 0x00000000ead00000)
  object space 44032K, 16% used [0x00000000c0600000,0x00000000c0d1cdf8,0x00000000c3100000)
 Metaspace       used 18862K, capacity 19940K, committed 20096K, reserved 1067008K
  class space    used 2890K, capacity 3128K, committed 3200K, reserved 1048576K
Event: 1.796 GC heap after
Heap after GC invocations=4 (full 0):
 PSYoungGen      total 18944K, used 2528K [0x00000000ead00000, 0x00000000ed200000, 0x0000000100000000)
  eden space 16384K, 0% used [0x00000000ead00000,0x00000000ead00000,0x00000000ebd00000)
  from space 2560K, 98% used [0x00000000ebf80000,0x00000000ec1f8020,0x00000000ec200000)
  to   space 2560K, 0% used [0x00000000ebd00000,0x00000000ebd00000,0x00000000ebf80000)
 ParOldGen       total 44032K, used 14140K [0x00000000c0600000, 0x00000000c3100000, 0x00000000ead00000)
  object space 44032K, 32% used [0x00000000c0600000,0x00000000c13cf278,0x00000000c3100000)
 Metaspace       used 18862K, capacity 19940K, committed 20096K, reserved 1067008K
  class space    used 2890K, capacity 3128K, committed 3200K, reserved 1048576K
}
Event: 18.090 GC heap before
{Heap before GC invocations=5 (full 0):
 PSYoungGen      total 18944K, used 12448K [0x00000000ead00000, 0x00000000ed200000, 0x0000000100000000)
  eden space 16384K, 60% used [0x00000000ead00000,0x00000000eb6b0248,0x00000000ebd00000)
  from space 2560K, 98% used [0x00000000ebf80000,0x00000000ec1f8020,0x00000000ec200000)
  to   space 2560K, 0% used [0x00000000ebd00000,0x00000000ebd00000,0x00000000ebf80000)
 ParOldGen       total 44032K, used 14140K [0x00000000c0600000, 0x00000000c3100000, 0x00000000ead00000)
  object space 44032K, 32% used [0x00000000c0600000,0x00000000c13cf278,0x00000000c3100000)
 Metaspace       used 20030K, capacity 21158K, committed 21248K, reserved 1067008K
  class space    used 2987K, capacity 3239K, committed 3328K, reserved 1048576K
Event: 18.099 GC heap after
Heap after GC invocations=5 (full 0):
 PSYoungGen      total 18944K, used 2528K [0x00000000ead00000, 0x00000000ed200000, 0x0000000100000000)
  eden space 16384K, 0% used [0x00000000ead00000,0x00000000ead00000,0x00000000ebd00000)
  from space 2560K, 98% used [0x00000000ebd00000,0x00000000ebf78020,0x00000000ebf80000)
  to   space 10752K, 0% used [0x00000000ec780000,0x00000000ec780000,0x00000000ed200000)
 ParOldGen       total 44032K, used 15502K [0x00000000c0600000, 0x00000000c3100000, 0x00000000ead00000)
  object space 44032K, 35% used [0x00000000c0600000,0x00000000c1523ad0,0x00000000c3100000)
 Metaspace       used 20030K, capacity 21158K, committed 21248K, reserved 1067008K
  class space    used 2987K, capacity 3239K, committed 3328K, reserved 1048576K
}
Event: 18.099 GC heap before
{Heap before GC invocations=6 (full 1):
 PSYoungGen      total 18944K, used 2528K [0x00000000ead00000, 0x00000000ed200000, 0x0000000100000000)
  eden space 16384K, 0% used [0x00000000ead00000,0x00000000ead00000,0x00000000ebd00000)
  from space 2560K, 98% used [0x00000000ebd00000,0x00000000ebf78020,0x00000000ebf80000)
  to   space 10752K, 0% used [0x00000000ec780000,0x00000000ec780000,0x00000000ed200000)
 ParOldGen       total 44032K, used 15502K [0x00000000c0600000, 0x00000000c3100000, 0x00000000ead00000)
  object space 44032K, 35% used [0x00000000c0600000,0x00000000c1523ad0,0x00000000c3100000)
 Metaspace       used 20030K, capacity 21158K, committed 21248K, reserved 1067008K
  class space    used 2987K, capacity 3239K, committed 3328K, reserved 1048576K
Event: 18.249 GC heap after
Heap after GC invocations=6 (full 1):
 PSYoungGen      total 18944K, used 0K [0x00000000ead00000, 0x00000000ed200000, 0x0000000100000000)
  eden space 16384K, 0% used [0x00000000ead00000,0x00000000ead00000,0x00000000ebd00000)
  from space 2560K, 0% used [0x00000000ebd00000,0x00000000ebd00000,0x00000000ebf80000)
  to   space 10752K, 0% used [0x00000000ec780000,0x00000000ec780000,0x00000000ed200000)
 ParOldGen       total 49152K, used 16431K [0x00000000c0600000, 0x00000000c3600000, 0x00000000ead00000)
  object space 49152K, 33% used [0x00000000c0600000,0x00000000c160bf78,0x00000000c3600000)
 Metaspace       used 20030K, capacity 21158K, committed 21248K, reserved 1067008K
  class space    used 2987K, capacity 3239K, committed 3328K, reserved 1048576K
}
Event: 101.361 GC heap before
{Heap before GC invocations=7 (full 1):
 PSYoungGen      total 18944K, used 16384K [0x00000000ead00000, 0x00000000ed200000, 0x0000000100000000)
  eden space 16384K, 100% used [0x00000000ead00000,0x00000000ebd00000,0x00000000ebd00000)
  from space 2560K, 0% used [0x00000000ebd00000,0x00000000ebd00000,0x00000000ebf80000)
  to   space 10752K, 0% used [0x00000000ec780000,0x00000000ec780000,0x00000000ed200000)
 ParOldGen       total 49152K, used 16431K [0x00000000c0600000, 0x00000000c3600000, 0x00000000ead00000)
  object space 49152K, 33% used [0x00000000c0600000,0x00000000c160bf78,0x00000000c3600000)
 Metaspace       used 20679K, capacity 21868K, committed 22016K, reserved 1069056K
  class space    used 3011K, capacity 3274K, committed 3328K, reserved 1048576K
Event: 101.364 GC heap after
Heap after GC invocations=7 (full 1):
 PSYoungGen      total 27136K, used 2112K [0x00000000ead00000, 0x00000000eda00000, 0x0000000100000000)
  eden space 16384K, 0% used [0x00000000ead00000,0x00000000ead00000,0x00000000ebd00000)
  from space 10752K, 19% used [0x00000000ec780000,0x00000000ec990000,0x00000000ed200000)
  to   space 10752K, 0% used [0x00000000ebd00000,0x00000000ebd00000,0x00000000ec780000)
 ParOldGen       total 49152K, used 16439K [0x00000000c0600000, 0x00000000c3600000, 0x00000000ead00000)
  object space 49152K, 33% used [0x00000000c0600000,0x00000000c160df78,0x00000000c3600000)
 Metaspace       used 20679K, capacity 21868K, committed 22016K, reserved 1069056K
  class space    used 3011K, capacity 3274K, committed 3328K, reserved 1048576K
}

